Determining if the pthread_create exist failed with the following output:
Change Dir: /mnt/sda1/rec_diskgenius_ok/500_Abed/300_MyGitRepo/100_Personal_repo/Personal notes/Notes-ComputerVision/src/code/pcl/first_example/build/CMakeFiles/CMakeTmp

Run Build Command:"/usr/bin/make" "cmTC_a47b9/fast"
/usr/bin/make -f CMakeFiles/cmTC_a47b9.dir/build.make CMakeFiles/cmTC_a47b9.dir/build
make[1]: Entering directory '/mnt/sda1/rec_diskgenius_ok/500_Abed/300_MyGitRepo/100_Personal_repo/Personal notes/Notes-ComputerVision/src/code/pcl/first_example/build/CMakeFiles/CMakeTmp'
Building C object CMakeFiles/cmTC_a47b9.dir/CheckSymbolExists.c.o
/usr/bin/cc    -o CMakeFiles/cmTC_a47b9.dir/CheckSymbolExists.c.o   -c "/mnt/sda1/rec_diskgenius_ok/500_Abed/300_MyGitRepo/100_Personal_repo/Personal notes/Notes-ComputerVision/src/code/pcl/first_example/build/CMakeFiles/CMakeTmp/CheckSymbolExists.c"
Linking C executable cmTC_a47b9
/usr/bin/cmake -E cmake_link_script CMakeFiles/cmTC_a47b9.dir/link.txt --verbose=1
/usr/bin/cc      -rdynamic CMakeFiles/cmTC_a47b9.dir/CheckSymbolExists.c.o  -o cmTC_a47b9 
CMakeFiles/cmTC_a47b9.dir/CheckSymbolExists.c.o: In function `main':
CheckSymbolExists.c:(.text+0x1b): undefined reference to `pthread_create'
collect2: error: ld returned 1 exit status
CMakeFiles/cmTC_a47b9.dir/build.make:97: recipe for target 'cmTC_a47b9' failed
make[1]: *** [cmTC_a47b9] Error 1
make[1]: Leaving directory '/mnt/sda1/rec_diskgenius_ok/500_Abed/300_MyGitRepo/100_Personal_repo/Personal notes/Notes-ComputerVision/src/code/pcl/first_example/build/CMakeFiles/CMakeTmp'
Makefile:126: recipe for target 'cmTC_a47b9/fast' failed
make: *** [cmTC_a47b9/fast] Error 2

File /mnt/sda1/rec_diskgenius_ok/500_Abed/300_MyGitRepo/100_Personal_repo/Personal notes/Notes-ComputerVision/src/code/pcl/first_example/build/CMakeFiles/CMakeTmp/CheckSymbolExists.c:
/* */
#include <pthread.h>

int main(int argc, char** argv)
{
  (void)argv;
#ifndef pthread_create
  return ((int*)(&pthread_create))[argc];
#else
  (void)argc;
  return 0;
#endif
}

Determining if the function pthread_create exists in the pthreads failed with the following output:
Change Dir: /mnt/sda1/rec_diskgenius_ok/500_Abed/300_MyGitRepo/100_Personal_repo/Personal notes/Notes-ComputerVision/src/code/pcl/first_example/build/CMakeFiles/CMakeTmp

Run Build Command:"/usr/bin/make" "cmTC_f31c1/fast"
/usr/bin/make -f CMakeFiles/cmTC_f31c1.dir/build.make CMakeFiles/cmTC_f31c1.dir/build
make[1]: Entering directory '/mnt/sda1/rec_diskgenius_ok/500_Abed/300_MyGitRepo/100_Personal_repo/Personal notes/Notes-ComputerVision/src/code/pcl/first_example/build/CMakeFiles/CMakeTmp'
Building C object CMakeFiles/cmTC_f31c1.dir/CheckFunctionExists.c.o
/usr/bin/cc   -DCHECK_FUNCTION_EXISTS=pthread_create   -o CMakeFiles/cmTC_f31c1.dir/CheckFunctionExists.c.o   -c /usr/share/cmake-3.10/Modules/CheckFunctionExists.c
Linking C executable cmTC_f31c1
/usr/bin/cmake -E cmake_link_script CMakeFiles/cmTC_f31c1.dir/link.txt --verbose=1
/usr/bin/cc  -DCHECK_FUNCTION_EXISTS=pthread_create    -rdynamic CMakeFiles/cmTC_f31c1.dir/CheckFunctionExists.c.o  -o cmTC_f31c1 -lpthreads 
/usr/bin/ld: cannot find -lpthreads
collect2: error: ld returned 1 exit status
CMakeFiles/cmTC_f31c1.dir/build.make:97: recipe for target 'cmTC_f31c1' failed
make[1]: *** [cmTC_f31c1] Error 1
make[1]: Leaving directory '/mnt/sda1/rec_diskgenius_ok/500_Abed/300_MyGitRepo/100_Personal_repo/Personal notes/Notes-ComputerVision/src/code/pcl/first_example/build/CMakeFiles/CMakeTmp'
Makefile:126: recipe for target 'cmTC_f31c1/fast' failed
make: *** [cmTC_f31c1/fast] Error 2


